0 info it worked if it ends with ok
1 verbose cli [ '/usr/bin/node',
1 verbose cli   '/usr/bin/npm',
1 verbose cli   'install',
1 verbose cli   'express-cookieParser' ]
2 info using npm@1.4.9
3 info using node@v0.10.28
4 verbose node symlink /usr/bin/node
5 warn package.json mychat@0.0.1 No description
6 warn package.json mychat@0.0.1 No repository field.
7 warn package.json mychat@0.0.1 No README data
8 verbose readDependencies using package.json deps
9 verbose cache add [ 'express-cookieParser', null ]
10 verbose cache add name=undefined spec="express-cookieParser" args=["express-cookieParser",null]
11 verbose parsed url { protocol: null,
11 verbose parsed url   slashes: null,
11 verbose parsed url   auth: null,
11 verbose parsed url   host: null,
11 verbose parsed url   port: null,
11 verbose parsed url   hostname: null,
11 verbose parsed url   hash: null,
11 verbose parsed url   search: null,
11 verbose parsed url   query: null,
11 verbose parsed url   pathname: 'express-cookieParser',
11 verbose parsed url   path: 'express-cookieParser',
11 verbose parsed url   href: 'express-cookieParser' }
12 silly lockFile a3388375-express-cookieParser express-cookieParser
13 verbose lock express-cookieParser /home/tomasz/.npm/a3388375-express-cookieParser.lock
14 silly lockFile a3388375-express-cookieParser express-cookieParser
15 silly lockFile a3388375-express-cookieParser express-cookieParser
16 verbose addNamed [ 'express-cookieParser', '' ]
17 verbose addNamed [ null, '*' ]
18 silly lockFile 14a8bf68-express-cookieParser express-cookieParser@
19 verbose lock express-cookieParser@ /home/tomasz/.npm/14a8bf68-express-cookieParser.lock
20 silly addNameRange { name: 'express-cookieParser', range: '*', hasData: false }
21 verbose url raw express-cookieParser
22 verbose url resolving [ 'https://registry.npmjs.org/', './express-cookieParser' ]
23 verbose url resolved https://registry.npmjs.org/express-cookieParser
24 info trying registry request attempt 1 at 23:11:00
25 http GET https://registry.npmjs.org/express-cookieParser
26 http 404 https://registry.npmjs.org/express-cookieParser
27 verbose headers { date: 'Sat, 07 Jun 2014 21:11:01 GMT',
27 verbose headers   server: 'CouchDB/1.5.0 (Erlang OTP/R16B03)',
27 verbose headers   'content-type': 'application/json',
27 verbose headers   via: '1.1 varnish',
27 verbose headers   'cache-control': 'max-age=0',
27 verbose headers   'content-length': '52',
27 verbose headers   'accept-ranges': 'bytes',
27 verbose headers   age: '0',
27 verbose headers   'x-served-by': 'cache-sv95-SJC3, cache-fra1229-FRA',
27 verbose headers   'x-cache': 'MISS, MISS',
27 verbose headers   'x-cache-hits': '0, 0',
27 verbose headers   'x-timer': 'S1402175461.199957,VS0,VE242',
27 verbose headers   'keep-alive': 'timeout=10, max=50',
27 verbose headers   connection: 'Keep-Alive' }
28 silly registry.get cb [ 404,
28 silly registry.get   { date: 'Sat, 07 Jun 2014 21:11:01 GMT',
28 silly registry.get     server: 'CouchDB/1.5.0 (Erlang OTP/R16B03)',
28 silly registry.get     'content-type': 'application/json',
28 silly registry.get     via: '1.1 varnish',
28 silly registry.get     'cache-control': 'max-age=0',
28 silly registry.get     'content-length': '52',
28 silly registry.get     'accept-ranges': 'bytes',
28 silly registry.get     age: '0',
28 silly registry.get     'x-served-by': 'cache-sv95-SJC3, cache-fra1229-FRA',
28 silly registry.get     'x-cache': 'MISS, MISS',
28 silly registry.get     'x-cache-hits': '0, 0',
28 silly registry.get     'x-timer': 'S1402175461.199957,VS0,VE242',
28 silly registry.get     'keep-alive': 'timeout=10, max=50',
28 silly registry.get     connection: 'Keep-Alive' } ]
29 silly lockFile 14a8bf68-express-cookieParser express-cookieParser@
30 silly lockFile 14a8bf68-express-cookieParser express-cookieParser@
31 error 404 404 Not Found: express-cookieParser
31 error 404
31 error 404 'express-cookieParser' is not in the npm registry.
31 error 404 You should bug the author to publish it
31 error 404 It was specified as a dependency of 'mychat'
31 error 404
31 error 404 Note that you can also install from a
31 error 404 tarball, folder, or http url, or git url.
32 error System Linux 3.13.0-27-generic
33 error command "/usr/bin/node" "/usr/bin/npm" "install" "express-cookieParser"
34 error cwd /home/tomasz/priv/logicom
35 error node -v v0.10.28
36 error npm -v 1.4.9
37 error code E404
38 verbose exit [ 1, true ]
